<?xml version="1.0" encoding="UTF-8"?>
<!-- Generated by org.testng.reporters.JUnitReportReporter -->
<testsuite hostname="ENE" failures="0" tests="4" name="BetterLifeTest.LogingPageTest" time="84.285" errors="0" timestamp="2023-01-12T11:32:45 WAT" skipped="0">
  <testcase classname="BetterLifeTest.LogingPageTest" name="Veryfy_Admin_Login_LogOut" time="18.065"/>
  <system-out/>
  <testcase classname="BetterLifeTest.LogingPageTest" name="Veryfy_In_Season_Advisor_Login_Logout" time="21.032"/>
  <system-out/>
  <testcase classname="BetterLifeTest.LogingPageTest" name="Veryfy_TGE_Supervisor_Login_Logout" time="20.814"/>
  <system-out/>
  <testcase classname="BetterLifeTest.LogingPageTest" name="Veryfy_Direct_Supervisor_Login_Logout" time="24.374"/>
  <system-out/>
</testsuite> <!-- BetterLifeTest.LogingPageTest -->
