<?xml version="1.0" encoding="UTF-8"?>
<!-- Generated by org.testng.reporters.JUnitReportReporter -->
<testsuite hostname="ENE" failures="0" tests="12" name="BetterLifeTest.LogingPageTest" time="90.474" errors="0" timestamp="2023-01-25T10:29:44 WAT" skipped="0">
  <testcase classname="BetterLifeTest.LogingPageTest" name="Verify_Supervisor_Login_With_Empty_UserName_And_Password_Field" time="3.376"/>
  <system-out/>
  <testcase classname="BetterLifeTest.LogingPageTest" name="Verify_Supervisor_Login_With_Valid_UserName_Invalid_Password" time="4.276"/>
  <system-out/>
  <testcase classname="BetterLifeTest.LogingPageTest" name="Verify_Admin_Login_With_Valid_UserName_Invalid_Password" time="8.202"/>
  <system-out/>
  <testcase classname="BetterLifeTest.LogingPageTest" name="Verify_Admin_Login_With_Invalid_UserName_Valid_Password" time="9.186"/>
  <system-out/>
  <testcase classname="BetterLifeTest.LogingPageTest" name="Verify_Direct_Supervisor_Login_Logout" time="8.743"/>
  <system-out/>
  <testcase classname="BetterLifeTest.LogingPageTest" name="Verify_TGE_Supervisor_Login_Logout" time="10.730"/>
  <system-out/>
  <testcase classname="BetterLifeTest.LogingPageTest" name="Verify_Admin_Login_With_Invalid_UserName_Invalid_Password" time="8.262"/>
  <system-out/>
  <testcase classname="BetterLifeTest.LogingPageTest" name="Verify_Supervisor_Login_With_Invalid_UserName_Invalid_Password" time="3.388"/>
  <system-out/>
  <testcase classname="BetterLifeTest.LogingPageTest" name="Verify_Admin_Login_LogOut" time="14.222"/>
  <system-out/>
  <testcase classname="BetterLifeTest.LogingPageTest" name="Verify_Admin_Login_With_Empty_UserName_And_Password_Field" time="7.942"/>
  <system-out/>
  <testcase classname="BetterLifeTest.LogingPageTest" name="Verify_Supervisor_Login_With_Invalid_UserName_Valid_Password" time="3.627"/>
  <system-out/>
  <testcase classname="BetterLifeTest.LogingPageTest" name="Verify_In_Season_Advisor_Login_Logout" time="8.520"/>
  <system-out/>
</testsuite> <!-- BetterLifeTest.LogingPageTest -->
