<?xml version="1.0" encoding="UTF-8"?>
<!-- Generated by org.testng.reporters.JUnitReportReporter -->
<testsuite hostname="ENE" failures="0" tests="4" name="BetterLifeTest.LogingPageTest" time="98.413" errors="0" timestamp="2023-01-20T14:17:58 WAT" skipped="0">
  <testcase classname="BetterLifeTest.LogingPageTest" name="Veryfy_Admin_Login_LogOut" time="56.190"/>
  <system-out/>
  <testcase classname="BetterLifeTest.LogingPageTest" name="Veryfy_In_Season_Advisor_Login_Logout" time="13.309"/>
  <system-out/>
  <testcase classname="BetterLifeTest.LogingPageTest" name="Veryfy_Direct_Supervisor_Login_Logout" time="12.411"/>
  <system-out/>
  <testcase classname="BetterLifeTest.LogingPageTest" name="Veryfy_TGE_Supervisor_Login_Logout" time="16.503"/>
  <system-out/>
</testsuite> <!-- BetterLifeTest.LogingPageTest -->
