<?xml version="1.0" encoding="UTF-8"?>
<!-- Generated by org.testng.reporters.JUnitReportReporter -->
<testsuite hostname="ENE" failures="0" tests="1" name="BetterLifeTest.AdminPageTest" time="54.372" errors="0" timestamp="2023-01-23T14:48:36 WAT" skipped="0">
  <testcase classname="BetterLifeTest.AdminPageTest" name="Reset_Process_Test" time="54.372"/>
  <system-out/>
</testsuite> <!-- BetterLifeTest.AdminPageTest -->
