<?xml version="1.0" encoding="UTF-8"?>
<!-- Generated by org.testng.reporters.JUnitReportReporter -->
<testsuite hostname="ENE" failures="0" tests="1" name="BetterLifeTest.AdminPageTest" time="75.429" errors="0" timestamp="2023-01-20T17:55:02 WAT" skipped="0">
  <testcase classname="BetterLifeTest.AdminPageTest" name="Verify_Re_Assign_FO" time="75.429"/>
  <system-out/>
</testsuite> <!-- BetterLifeTest.AdminPageTest -->
